
2018-11-27 00:38:53...installerHook: Info: custom/install/install_hooks.php not present, no custom hooks to execute
2018-11-27 00:39:45...installerHook: Info: custom/install/install_hooks.php not present, no custom hooks to execute
2018-11-27 00:39:49...Begin System Check Process *************
2018-11-27 00:39:49...XML Parsing Support Found
2018-11-27 00:39:49...MBString Support Found
2018-11-27 00:39:49...ZIP Support Found
2018-11-27 00:39:49.../custom directory and subdirectory check passed
2018-11-27 00:39:49...cache directory and subdirectory check passed
2018-11-27 00:39:50.../module  directory and subdirectory check passed
2018-11-27 00:39:50.../upload directory check passed
2018-11-27 00:39:50.../zip check passed
2018-11-27 00:39:50...PCRE version check passed
2018-11-27 00:39:50...installerHook: Info: custom/install/install_hooks.php not present, no custom hooks to execute
2018-11-27 00:39:50...php.ini location found. C:\wamp64\bin\apache\apache2.4.35\bin\php.ini
2018-11-27 00:39:50...Outputting HTML for System check
2018-11-27 00:39:50...No Errors were found *************
2018-11-27 00:39:50...installerHook: Info: custom/install/install_hooks.php not present, no custom hooks to execute
2018-11-27 00:40:09...installerHook: Info: custom/install/install_hooks.php not present, no custom hooks to execute
2018-11-27 00:41:51...Begin DB Check Process *************
2018-11-27 00:41:51...testing with mysql:mysqli
2018-11-27 00:41:51...Basic form info is valid, continuing Process.
2018-11-27 00:41:51...Testing user account...
2018-11-27 00:41:51...Connection made using  host: localhost, usr: root
2018-11-27 00:41:51...SUCCESS:: no errors detected!
2018-11-27 00:41:51...End DB Check Process *************
2018-11-27 00:41:51...installerHook: Info: custom/install/install_hooks.php not present, no custom hooks to execute
2018-11-27 00:41:51...calling handleSugarConfig()
2018-11-27 00:41:51...calling handleHtaccess()
2018-11-27 00:41:51...calling handleDbCreateDatabase()
2018-11-27 00:41:55...looping through all the Beans and create their tables
2018-11-27 00:41:55...processing table acl_actions
2018-11-27 00:41:55...creating table acl_actions
2018-11-27 00:41:55...creating Relationship Meta for ACLAction
2018-11-27 00:41:55...processing table acl_roles
2018-11-27 00:41:55...creating table acl_roles
2018-11-27 00:41:55...creating Relationship Meta for ACLRole
2018-11-27 00:41:55...processing table relationships
2018-11-27 00:41:55...creating table relationships
2018-11-27 00:41:55...creating Relationship Meta for Relationship
2018-11-27 00:41:55...processing table leads
2018-11-27 00:41:56...creating table leads
2018-11-27 00:41:56...creating Relationship Meta for Lead
2018-11-27 00:41:57...processing table cases
2018-11-27 00:41:57...creating table cases
2018-11-27 00:41:57...creating Relationship Meta for Case
2018-11-27 00:41:57...processing table bugs
2018-11-27 00:41:57...creating table bugs
2018-11-27 00:41:57...creating Relationship Meta for Bug
2018-11-27 00:41:57...processing table users
2018-11-27 00:41:57...creating table users
2018-11-27 00:41:57...creating Relationship Meta for User
2018-11-27 00:41:57...processing table campaign_log
2018-11-27 00:41:57...creating table campaign_log
2018-11-27 00:41:57...creating Relationship Meta for CampaignLog
2018-11-27 00:41:57...processing table project
2018-11-27 00:41:57...creating table project
2018-11-27 00:41:57...creating Relationship Meta for Project
2018-11-27 00:41:58...processing table project_task
2018-11-27 00:41:58...creating table project_task
2018-11-27 00:41:58...creating Relationship Meta for ProjectTask
2018-11-27 00:41:58...processing table campaigns
2018-11-27 00:41:58...creating table campaigns
2018-11-27 00:41:58...creating Relationship Meta for Campaign
2018-11-27 00:41:58...processing table prospect_lists
2018-11-27 00:41:58...creating table prospect_lists
2018-11-27 00:41:58...creating Relationship Meta for ProspectList
2018-11-27 00:41:58...processing table prospects
2018-11-27 00:41:58...creating table prospects
2018-11-27 00:41:58...creating Relationship Meta for Prospect
2018-11-27 00:41:58...processing table email_marketing
2018-11-27 00:41:59...creating table email_marketing
2018-11-27 00:41:59...creating Relationship Meta for EmailMarketing
2018-11-27 00:41:59...processing table campaign_trkrs
2018-11-27 00:41:59...creating table campaign_trkrs
2018-11-27 00:41:59...creating Relationship Meta for CampaignTracker
2018-11-27 00:41:59...processing table releases
2018-11-27 00:41:59...creating table releases
2018-11-27 00:41:59...creating Relationship Meta for Release
2018-11-27 00:41:59...processing table emailman
2018-11-27 00:41:59...creating table emailman
2018-11-27 00:41:59...creating Relationship Meta for EmailMan
2018-11-27 00:41:59...processing table schedulers
2018-11-27 00:41:59...creating table schedulers
2018-11-27 00:41:59...creating Relationship Meta for Scheduler
2018-11-27 00:41:59...processing table job_queue
2018-11-27 00:41:59...creating table job_queue
2018-11-27 00:41:59...creating Relationship Meta for SchedulersJob
2018-11-27 00:41:59...processing table contacts
2018-11-27 00:41:59...creating table contacts
2018-11-27 00:41:59...creating Relationship Meta for Contact
2018-11-27 00:41:59...processing table accounts
2018-11-27 00:42:00...creating table accounts
2018-11-27 00:42:00...creating Relationship Meta for Account
2018-11-27 00:42:00...processing table opportunities
2018-11-27 00:42:00...creating table opportunities
2018-11-27 00:42:00...creating Relationship Meta for Opportunity
2018-11-27 00:42:00...processing table email_templates
2018-11-27 00:42:00...creating table email_templates
2018-11-27 00:42:00...creating Relationship Meta for EmailTemplate
2018-11-27 00:42:00...processing table notes
2018-11-27 00:42:00...creating table notes
2018-11-27 00:42:00...creating Relationship Meta for Note
2018-11-27 00:42:00...processing table calls
2018-11-27 00:42:01...creating table calls
2018-11-27 00:42:01...creating Relationship Meta for Call
2018-11-27 00:42:01...processing table emails
2018-11-27 00:42:01...creating table emails
2018-11-27 00:42:01...creating Relationship Meta for Email
2018-11-27 00:42:01...processing table meetings
2018-11-27 00:42:01...creating table meetings
2018-11-27 00:42:01...creating Relationship Meta for Meeting
2018-11-27 00:42:01...processing table tasks
2018-11-27 00:42:01...creating table tasks
2018-11-27 00:42:01...creating Relationship Meta for Task
2018-11-27 00:42:01...processing table users
2018-11-27 00:42:01...processing table users
2018-11-27 00:42:01...processing table currencies
2018-11-27 00:42:01...creating table currencies
2018-11-27 00:42:01...creating Relationship Meta for Currency
2018-11-27 00:42:01...processing table tracker
2018-11-27 00:42:01...creating table tracker
2018-11-27 00:42:01...creating Relationship Meta for Tracker
2018-11-27 00:42:01...processing table import_maps
2018-11-27 00:42:01...creating table import_maps
2018-11-27 00:42:01...creating Relationship Meta for ImportMap
2018-11-27 00:42:01...processing table users_last_import
2018-11-27 00:42:01...creating table users_last_import
2018-11-27 00:42:01...creating Relationship Meta for UsersLastImport
2018-11-27 00:42:02...processing table config
2018-11-27 00:42:02...creating table config
2018-11-27 00:42:02...creating Relationship Meta for Administration
2018-11-27 00:42:02...processing table upgrade_history
2018-11-27 00:42:02...creating table upgrade_history
2018-11-27 00:42:02...creating Relationship Meta for UpgradeHistory
2018-11-27 00:42:02...processing table vcals
2018-11-27 00:42:02...creating table vcals
2018-11-27 00:42:02...creating Relationship Meta for vCal
2018-11-27 00:42:02...processing table alerts
2018-11-27 00:42:02...creating table alerts
2018-11-27 00:42:02...creating Relationship Meta for Alert
2018-11-27 00:42:02...processing table roles
2018-11-27 00:42:02...creating table roles
2018-11-27 00:42:02...creating Relationship Meta for Role
2018-11-27 00:42:02...processing table documents
2018-11-27 00:42:02...creating table documents
2018-11-27 00:42:02...creating Relationship Meta for Document
2018-11-27 00:42:02...processing table document_revisions
2018-11-27 00:42:02...creating table document_revisions
2018-11-27 00:42:02...creating Relationship Meta for DocumentRevision
2018-11-27 00:42:02...processing table fields_meta_data
2018-11-27 00:42:02...creating table fields_meta_data
2018-11-27 00:42:02...creating Relationship Meta for FieldsMetaData
2018-11-27 00:42:03...processing table inbound_email
2018-11-27 00:42:03...creating table inbound_email
2018-11-27 00:42:03...creating Relationship Meta for InboundEmail
2018-11-27 00:42:03...processing table saved_search
2018-11-27 00:42:03...creating table saved_search
2018-11-27 00:42:03...creating Relationship Meta for SavedSearch
2018-11-27 00:42:03...processing table user_preferences
2018-11-27 00:42:03...creating table user_preferences
2018-11-27 00:42:03...creating Relationship Meta for UserPreference
2018-11-27 00:42:03...processing table 
2018-11-27 00:42:03...processing table email_addresses
2018-11-27 00:42:03...creating table email_addresses
2018-11-27 00:42:03...creating Relationship Meta for EmailAddress
2018-11-27 00:42:03...processing table emails_text
2018-11-27 00:42:03...creating table emails_text
2018-11-27 00:42:03...creating Relationship Meta for EmailText
2018-11-27 00:42:03...processing table spots
2018-11-27 00:42:03...creating table spots
2018-11-27 00:42:03...creating Relationship Meta for Spots
2018-11-27 00:42:03...processing table aobh_businesshours
2018-11-27 00:42:03...creating table aobh_businesshours
2018-11-27 00:42:03...creating Relationship Meta for AOBH_BusinessHours
2018-11-27 00:42:03...processing table sugarfeed
2018-11-27 00:42:03...creating table sugarfeed
2018-11-27 00:42:03...creating Relationship Meta for SugarFeed
2018-11-27 00:42:03...processing table eapm
2018-11-27 00:42:04...creating table eapm
2018-11-27 00:42:04...creating Relationship Meta for EAPM
2018-11-27 00:42:04...processing table oauth_consumer
2018-11-27 00:42:04...creating table oauth_consumer
2018-11-27 00:42:04...creating Relationship Meta for OAuthKey
2018-11-27 00:42:04...processing table oauth_tokens
2018-11-27 00:42:04...creating table oauth_tokens
2018-11-27 00:42:04...creating Relationship Meta for OAuthToken
2018-11-27 00:42:04...processing table am_projecttemplates
2018-11-27 00:42:04...creating table am_projecttemplates
2018-11-27 00:42:04...creating Relationship Meta for AM_ProjectTemplates
2018-11-27 00:42:04...processing table am_tasktemplates
2018-11-27 00:42:04...creating table am_tasktemplates
2018-11-27 00:42:04...creating Relationship Meta for AM_TaskTemplates
2018-11-27 00:42:04...processing table favorites
2018-11-27 00:42:04...creating table favorites
2018-11-27 00:42:04...creating Relationship Meta for Favorites
2018-11-27 00:42:04...processing table aok_knowledge_base_categories
2018-11-27 00:42:05...creating table aok_knowledge_base_categories
2018-11-27 00:42:05...creating Relationship Meta for AOK_Knowledge_Base_Categories
2018-11-27 00:42:05...processing table aok_knowledgebase
2018-11-27 00:42:05...creating table aok_knowledgebase
2018-11-27 00:42:05...creating Relationship Meta for AOK_KnowledgeBase
2018-11-27 00:42:05...processing table reminders
2018-11-27 00:42:05...creating table reminders
2018-11-27 00:42:05...creating Relationship Meta for Reminder
2018-11-27 00:42:05...processing table reminders_invitees
2018-11-27 00:42:05...creating table reminders_invitees
2018-11-27 00:42:05...creating Relationship Meta for Reminder_Invitee
2018-11-27 00:42:05...processing table fp_events
2018-11-27 00:42:05...creating table fp_events
2018-11-27 00:42:05...creating Relationship Meta for FP_events
2018-11-27 00:42:05...processing table fp_event_locations
2018-11-27 00:42:05...creating table fp_event_locations
2018-11-27 00:42:05...creating Relationship Meta for FP_Event_Locations
2018-11-27 00:42:05...processing table aod_indexevent
2018-11-27 00:42:06...creating table aod_indexevent
2018-11-27 00:42:06...creating Relationship Meta for AOD_IndexEvent
2018-11-27 00:42:06...processing table aod_index
2018-11-27 00:42:06...creating table aod_index
2018-11-27 00:42:06...creating Relationship Meta for AOD_Index
2018-11-27 00:42:06...processing table aop_case_events
2018-11-27 00:42:06...creating table aop_case_events
2018-11-27 00:42:06...creating Relationship Meta for AOP_Case_Events
2018-11-27 00:42:06...processing table aop_case_updates
2018-11-27 00:42:07...creating table aop_case_updates
2018-11-27 00:42:07...creating Relationship Meta for AOP_Case_Updates
2018-11-27 00:42:07...processing table aor_reports
2018-11-27 00:42:07...creating table aor_reports
2018-11-27 00:42:07...creating Relationship Meta for AOR_Report
2018-11-27 00:42:07...processing table aor_fields
2018-11-27 00:42:07...creating table aor_fields
2018-11-27 00:42:07...creating Relationship Meta for AOR_Field
2018-11-27 00:42:07...processing table aor_charts
2018-11-27 00:42:07...creating table aor_charts
2018-11-27 00:42:07...creating Relationship Meta for AOR_Chart
2018-11-27 00:42:07...processing table aor_conditions
2018-11-27 00:42:07...creating table aor_conditions
2018-11-27 00:42:07...creating Relationship Meta for AOR_Condition
2018-11-27 00:42:07...processing table aor_scheduled_reports
2018-11-27 00:42:08...creating table aor_scheduled_reports
2018-11-27 00:42:08...creating Relationship Meta for AOR_Scheduled_Reports
2018-11-27 00:42:08...processing table aos_contracts
2018-11-27 00:42:08...creating table aos_contracts
2018-11-27 00:42:08...creating Relationship Meta for AOS_Contracts
2018-11-27 00:42:08...processing table aos_invoices
2018-11-27 00:42:08...creating table aos_invoices
2018-11-27 00:42:08...creating Relationship Meta for AOS_Invoices
2018-11-27 00:42:08...processing table aos_pdf_templates
2018-11-27 00:42:08...creating table aos_pdf_templates
2018-11-27 00:42:08...creating Relationship Meta for AOS_PDF_Templates
2018-11-27 00:42:08...processing table aos_product_categories
2018-11-27 00:42:08...creating table aos_product_categories
2018-11-27 00:42:08...creating Relationship Meta for AOS_Product_Categories
2018-11-27 00:42:09...processing table aos_products
2018-11-27 00:42:09...creating table aos_products
2018-11-27 00:42:09...creating Relationship Meta for AOS_Products
2018-11-27 00:42:09...processing table aos_products_quotes
2018-11-27 00:42:09...creating table aos_products_quotes
2018-11-27 00:42:09...creating Relationship Meta for AOS_Products_Quotes
2018-11-27 00:42:09...processing table aos_line_item_groups
2018-11-27 00:42:09...creating table aos_line_item_groups
2018-11-27 00:42:09...creating Relationship Meta for AOS_Line_Item_Groups
2018-11-27 00:42:09...processing table aos_quotes
2018-11-27 00:42:09...creating table aos_quotes
2018-11-27 00:42:09...creating Relationship Meta for AOS_Quotes
2018-11-27 00:42:09...processing table aow_actions
2018-11-27 00:42:10...creating table aow_actions
2018-11-27 00:42:10...creating Relationship Meta for AOW_Action
2018-11-27 00:42:10...processing table aow_workflow
2018-11-27 00:42:10...creating table aow_workflow
2018-11-27 00:42:10...creating Relationship Meta for AOW_WorkFlow
2018-11-27 00:42:10...processing table aow_processed
2018-11-27 00:42:10...creating table aow_processed
2018-11-27 00:42:10...creating Relationship Meta for AOW_Processed
2018-11-27 00:42:10...processing table aow_conditions
2018-11-27 00:42:10...creating table aow_conditions
2018-11-27 00:42:10...creating Relationship Meta for AOW_Condition
2018-11-27 00:42:10...processing table jjwg_maps
2018-11-27 00:42:10...creating table jjwg_maps
2018-11-27 00:42:10...creating Relationship Meta for jjwg_Maps
2018-11-27 00:42:10...processing table jjwg_markers
2018-11-27 00:42:11...creating table jjwg_markers
2018-11-27 00:42:11...creating Relationship Meta for jjwg_Markers
2018-11-27 00:42:11...processing table jjwg_areas
2018-11-27 00:42:11...creating table jjwg_areas
2018-11-27 00:42:11...creating Relationship Meta for jjwg_Areas
2018-11-27 00:42:11...processing table jjwg_address_cache
2018-11-27 00:42:11...creating table jjwg_address_cache
2018-11-27 00:42:11...creating Relationship Meta for jjwg_Address_Cache
2018-11-27 00:42:11...processing table calls_reschedule
2018-11-27 00:42:11...creating table calls_reschedule
2018-11-27 00:42:11...creating Relationship Meta for Calls_Reschedule
2018-11-27 00:42:11...processing table securitygroups
2018-11-27 00:42:11...creating table securitygroups
2018-11-27 00:42:11...creating Relationship Meta for SecurityGroup
2018-11-27 00:42:11...processing table outbound_email
2018-11-27 00:42:12...creating table outbound_email
2018-11-27 00:42:12...creating Relationship Meta for OutboundEmailAccounts
2018-11-27 00:42:12...processing table templatesectionline
2018-11-27 00:42:12...creating table templatesectionline
2018-11-27 00:42:12...creating Relationship Meta for TemplateSectionLine
2018-11-27 00:42:12...processing table oauth2tokens
2018-11-27 00:42:12...creating table oauth2tokens
2018-11-27 00:42:12...creating Relationship Meta for OAuth2Tokens
2018-11-27 00:42:12...processing table oauth2clients
2018-11-27 00:42:12...creating table oauth2clients
2018-11-27 00:42:12...creating Relationship Meta for OAuth2Clients
2018-11-27 00:42:12...processing table surveyresponses
2018-11-27 00:42:12...creating table surveyresponses
2018-11-27 00:42:12...creating Relationship Meta for SurveyResponses
2018-11-27 00:42:12...processing table surveys
2018-11-27 00:42:13...creating table surveys
2018-11-27 00:42:13...creating Relationship Meta for Surveys
2018-11-27 00:42:13...processing table surveyquestionresponses
2018-11-27 00:42:13...creating table surveyquestionresponses
2018-11-27 00:42:13...creating Relationship Meta for SurveyQuestionResponses
2018-11-27 00:42:13...processing table surveyquestions
2018-11-27 00:42:13...creating table surveyquestions
2018-11-27 00:42:13...creating Relationship Meta for SurveyQuestions
2018-11-27 00:42:13...processing table surveyquestionoptions
2018-11-27 00:42:13...creating table surveyquestionoptions
2018-11-27 00:42:13...creating Relationship Meta for SurveyQuestionOptions
2018-11-27 00:42:16...Begin creating Defaults
2018-11-27 00:42:16...insert defaults into config table
2018-11-27 00:42:16...Creating default users
2018-11-27 00:42:16...Creating default scheduler jobs
2018-11-27 00:42:17...Enable SugarFeeds
2018-11-27 00:42:17...Installation has completed *********
2018-11-27 00:42:29...populating the db with seed data
2018-11-27 00:42:29...Save configuration settings..
2018-11-27 00:42:29...save locale
2018-11-27 00:42:29...new Administration
2018-11-27 00:42:29...retrieveSettings
2018-11-27 00:42:29...AdminWizard OFF
2018-11-27 00:42:29...saveConfig
2018-11-27 00:42:29...new Configurator
2018-11-27 00:42:29...populateFromPost
2018-11-27 00:42:29...handleOverride
2018-11-27 00:42:29...addCronAllowedUser
2018-11-27 00:42:30...saveConfig
2018-11-27 00:42:30...new Currency
2018-11-27 00:42:30...retrieve
2018-11-27 00:42:30...DBG: save currency
2018-11-27 00:42:30...Save user settings..
2018-11-27 00:42:30...DBG: SugarThemeRegistry::getDefault
2018-11-27 00:42:30...DBG: require modules/Users/Save.php
2018-11-27 00:42:36...installerHook: Info: custom/install/install_hooks.php not present, no custom hooks to execute